2017-01-04 00:44:51.035  INFO 8052 --- [http-nio-8080-exec-1] o.a.c.c.C.[Tomcat].[localhost].[/]       : Initializing Spring FrameworkServlet 'dispatcherServlet'
2017-01-04 00:44:51.035  INFO 8052 --- [http-nio-8080-exec-1] o.s.web.servlet.DispatcherServlet        : FrameworkServlet 'dispatcherServlet': initialization started
2017-01-04 00:44:51.080  INFO 8052 --- [http-nio-8080-exec-1] o.s.web.servlet.DispatcherServlet        : FrameworkServlet 'dispatcherServlet': initialization completed in 45 ms
2017-01-04 00:44:51.172  INFO 8052 --- [http-nio-8080-exec-1] c.s.stopic.controller.UserController     : Enters::ResponseEntity com.starkinc.stopic.controller.UserController.findUserById(String)
2017-01-04 00:44:51.184  INFO 8052 --- [http-nio-8080-exec-1] com.starkinc.stopic.daoImpl.UserDAOImpl  : Enters::User com.starkinc.stopic.dao.UserDAO.findOne(String)
2017-01-04 00:44:51.348  INFO 8052 --- [http-nio-8080-exec-1] org.mongodb.driver.connection            : Opened connection [connectionId{localValue:2, serverValue:15}] to localhost:27017
2017-01-04 00:44:51.420  INFO 8052 --- [http-nio-8080-exec-1] com.starkinc.stopic.daoImpl.UserDAOImpl  : Exits::User com.starkinc.stopic.dao.UserDAO.findOne(String)
2017-01-04 00:44:51.420  INFO 8052 --- [http-nio-8080-exec-1] c.s.stopic.controller.UserController     : Exits::ResponseEntity com.starkinc.stopic.controller.UserController.findUserById(String)
2017-01-04 00:45:03.445  INFO 8052 --- [http-nio-8080-exec-3] c.s.stopic.controller.UserController     : Enters::ResponseEntity com.starkinc.stopic.controller.UserController.findUserById(String)
2017-01-04 00:45:03.446  INFO 8052 --- [http-nio-8080-exec-3] com.starkinc.stopic.daoImpl.UserDAOImpl  : Enters::User com.starkinc.stopic.dao.UserDAO.findOne(String)
2017-01-04 00:45:03.448  INFO 8052 --- [http-nio-8080-exec-3] com.starkinc.stopic.daoImpl.UserDAOImpl  : Exits::User com.starkinc.stopic.dao.UserDAO.findOne(String)
2017-01-04 00:45:03.448  INFO 8052 --- [http-nio-8080-exec-3] c.s.stopic.controller.UserController     : Exits::ResponseEntity com.starkinc.stopic.controller.UserController.findUserById(String)
2017-01-04 00:45:21.838  INFO 8052 --- [http-nio-8080-exec-5] c.s.stopic.controller.UserController     : Enters::ResponseEntity com.starkinc.stopic.controller.UserController.findUserById(String)
2017-01-04 00:45:21.839  INFO 8052 --- [http-nio-8080-exec-5] com.starkinc.stopic.daoImpl.UserDAOImpl  : Enters::User com.starkinc.stopic.dao.UserDAO.findOne(String)
2017-01-04 00:45:21.843  INFO 8052 --- [http-nio-8080-exec-5] com.starkinc.stopic.daoImpl.UserDAOImpl  : Exits::User com.starkinc.stopic.dao.UserDAO.findOne(String)
2017-01-04 00:45:21.844  INFO 8052 --- [http-nio-8080-exec-5] c.s.stopic.controller.UserController     : Exits::ResponseEntity com.starkinc.stopic.controller.UserController.findUserById(String)
2017-01-04 00:46:01.476  WARN 8052 --- [http-nio-8080-exec-7] o.s.web.servlet.PageNotFound             : Request method 'POST' not supported
2017-01-04 00:46:14.966  INFO 8052 --- [http-nio-8080-exec-9] c.s.stopic.controller.UserController     : Enters::ResponseEntity com.starkinc.stopic.controller.UserController.saveOrUpdateUser(User)
2017-01-04 00:46:14.977  INFO 8052 --- [http-nio-8080-exec-9] c.s.stopic.controller.UserController     : Exits::ResponseEntity com.starkinc.stopic.controller.UserController.saveOrUpdateUser(User)
2017-01-04 00:46:31.969  INFO 8052 --- [http-nio-8080-exec-10] c.s.stopic.controller.UserController     : Enters::ResponseEntity com.starkinc.stopic.controller.UserController.saveOrUpdateUser(User)
2017-01-04 00:46:31.969  INFO 8052 --- [http-nio-8080-exec-10] c.s.stopic.controller.UserController     : Exits::ResponseEntity com.starkinc.stopic.controller.UserController.saveOrUpdateUser(User)
2017-01-04 01:04:30.556  INFO 8052 --- [RMI TCP Connection(27)-192.168.56.1] inMXBeanRegistrar$SpringApplicationAdmin : Application shutdown requested.
2017-01-04 01:04:30.559  INFO 8052 --- [RMI TCP Connection(27)-192.168.56.1] ationConfigEmbeddedWebApplicationContext : Closing org.springframework.boot.context.embedded.AnnotationConfigEmbeddedWebApplicationContext@3d285d7e: startup date [Wed Jan 04 00:44:14 IST 2017]; root of context hierarchy
2017-01-04 01:04:30.576  INFO 8052 --- [RMI TCP Connection(27)-192.168.56.1] o.s.j.e.a.AnnotationMBeanExporter        : Unregistering JMX-exposed beans on shutdown
2017-01-04 01:04:30.584  INFO 8052 --- [RMI TCP Connection(27)-192.168.56.1] org.mongodb.driver.connection            : Closed connection [connectionId{localValue:2, serverValue:15}] to localhost:27017 because the pool has been closed.
2017-01-04 01:04:34.870  INFO 12040 --- [main] c.s.stopic.TopicServiceApplication       : Starting TopicServiceApplication on Dell-Inspiron with PID 12040 (D:\Git\rajasushanth\topic-service\target\classes started by Dell in D:\Git\rajasushanth\topic-service)
2017-01-04 01:04:34.875  INFO 12040 --- [main] c.s.stopic.TopicServiceApplication       : No active profile set, falling back to default profiles: default
2017-01-04 01:04:34.977  INFO 12040 --- [main] ationConfigEmbeddedWebApplicationContext : Refreshing org.springframework.boot.context.embedded.AnnotationConfigEmbeddedWebApplicationContext@3d285d7e: startup date [Wed Jan 04 01:04:34 IST 2017]; root of context hierarchy
2017-01-04 01:04:38.396  INFO 12040 --- [main] s.b.c.e.t.TomcatEmbeddedServletContainer : Tomcat initialized with port(s): 8080 (http)
2017-01-04 01:04:38.416  INFO 12040 --- [main] o.apache.catalina.core.StandardService   : Starting service Tomcat
2017-01-04 01:04:38.418  INFO 12040 --- [main] org.apache.catalina.core.StandardEngine  : Starting Servlet Engine: Apache Tomcat/8.5.6
2017-01-04 01:04:38.631  INFO 12040 --- [localhost-startStop-1] o.a.c.c.C.[Tomcat].[localhost].[/]       : Initializing Spring embedded WebApplicationContext
2017-01-04 01:04:38.631  INFO 12040 --- [localhost-startStop-1] o.s.web.context.ContextLoader            : Root WebApplicationContext: initialization completed in 3659 ms
2017-01-04 01:04:39.034  INFO 12040 --- [localhost-startStop-1] o.s.b.w.servlet.ServletRegistrationBean  : Mapping servlet: 'dispatcherServlet' to [/]
2017-01-04 01:04:39.042  INFO 12040 --- [localhost-startStop-1] o.s.b.w.servlet.FilterRegistrationBean   : Mapping filter: 'characterEncodingFilter' to: [/*]
2017-01-04 01:04:39.043  INFO 12040 --- [localhost-startStop-1] o.s.b.w.servlet.FilterRegistrationBean   : Mapping filter: 'hiddenHttpMethodFilter' to: [/*]
2017-01-04 01:04:39.044  INFO 12040 --- [localhost-startStop-1] o.s.b.w.servlet.FilterRegistrationBean   : Mapping filter: 'httpPutFormContentFilter' to: [/*]
2017-01-04 01:04:39.045  INFO 12040 --- [localhost-startStop-1] o.s.b.w.servlet.FilterRegistrationBean   : Mapping filter: 'requestContextFilter' to: [/*]
2017-01-04 01:04:39.719  INFO 12040 --- [main] org.mongodb.driver.cluster               : Cluster created with settings {hosts=[localhost:27017], mode=MULTIPLE, requiredClusterType=UNKNOWN, serverSelectionTimeout='30000 ms', maxWaitQueueSize=500}
2017-01-04 01:04:39.720  INFO 12040 --- [main] org.mongodb.driver.cluster               : Adding discovered server localhost:27017 to client view of cluster
2017-01-04 01:04:40.711  INFO 12040 --- [cluster-ClusterId{value='586bfccf303bf92f0822b06b', description='null'}-localhost:27017] org.mongodb.driver.connection            : Opened connection [connectionId{localValue:1, serverValue:16}] to localhost:27017
2017-01-04 01:04:40.713  INFO 12040 --- [cluster-ClusterId{value='586bfccf303bf92f0822b06b', description='null'}-localhost:27017] org.mongodb.driver.cluster               : Monitor thread successfully connected to server with description ServerDescription{address=localhost:27017, type=STANDALONE, state=CONNECTED, ok=true, version=ServerVersion{versionList=[3, 2, 10]}, minWireVersion=0, maxWireVersion=4, maxDocumentSize=16777216, roundTripTimeNanos=802434}
2017-01-04 01:04:40.714  INFO 12040 --- [cluster-ClusterId{value='586bfccf303bf92f0822b06b', description='null'}-localhost:27017] org.mongodb.driver.cluster               : Discovered cluster type of STANDALONE
2017-01-04 01:04:41.439  INFO 12040 --- [main] s.w.s.m.m.a.RequestMappingHandlerAdapter : Looking for @ControllerAdvice: org.springframework.boot.context.embedded.AnnotationConfigEmbeddedWebApplicationContext@3d285d7e: startup date [Wed Jan 04 01:04:34 IST 2017]; root of context hierarchy
2017-01-04 01:04:41.576  INFO 12040 --- [main] s.w.s.m.m.a.RequestMappingHandlerMapping : Mapped "{[/conversations],methods=[PUT],consumes=[application/json],produces=[application/json]}" onto public org.springframework.http.ResponseEntity<java.lang.Object> com.starkinc.stopic.controller.CoversationController.update(com.starkinc.stopic.entity.Conversation)
2017-01-04 01:04:41.579  INFO 12040 --- [main] s.w.s.m.m.a.RequestMappingHandlerMapping : Mapped "{[/conversations],methods=[POST],consumes=[application/json],produces=[application/json]}" onto public org.springframework.http.ResponseEntity<java.lang.Object> com.starkinc.stopic.controller.CoversationController.save(java.util.Map<java.lang.String, java.lang.String>)
2017-01-04 01:04:41.580  INFO 12040 --- [main] s.w.s.m.m.a.RequestMappingHandlerMapping : Mapped "{[/conversations/{id}],methods=[GET],consumes=[application/json],produces=[application/json]}" onto public org.springframework.http.ResponseEntity<java.lang.Object> com.starkinc.stopic.controller.CoversationController.findByRefId(java.lang.String)
2017-01-04 01:04:41.585  INFO 12040 --- [main] s.w.s.m.m.a.RequestMappingHandlerMapping : Mapped "{[/topics/{id}],methods=[DELETE],consumes=[application/json],produces=[application/json]}" onto public org.springframework.http.ResponseEntity<java.lang.Object> com.starkinc.stopic.controller.TopicController.delete(java.lang.String)
2017-01-04 01:04:41.586  INFO 12040 --- [main] s.w.s.m.m.a.RequestMappingHandlerMapping : Mapped "{[/topics/search],methods=[GET],consumes=[application/json],produces=[application/json]}" onto public org.springframework.http.ResponseEntity<java.lang.Object> com.starkinc.stopic.controller.TopicController.findByTopicName(java.lang.String,java.lang.String)
2017-01-04 01:04:41.586  INFO 12040 --- [main] s.w.s.m.m.a.RequestMappingHandlerMapping : Mapped "{[/topics/{id}],methods=[GET],consumes=[application/json],produces=[application/json]}" onto public org.springframework.http.ResponseEntity<java.lang.Object> com.starkinc.stopic.controller.TopicController.findById(java.lang.String)
2017-01-04 01:04:41.586  INFO 12040 --- [main] s.w.s.m.m.a.RequestMappingHandlerMapping : Mapped "{[/topics],methods=[GET],consumes=[application/json],produces=[application/json]}" onto public org.springframework.http.ResponseEntity<java.lang.Object> com.starkinc.stopic.controller.TopicController.findAll()
2017-01-04 01:04:41.587  INFO 12040 --- [main] s.w.s.m.m.a.RequestMappingHandlerMapping : Mapped "{[/topics],methods=[POST],consumes=[application/json],produces=[application/json]}" onto public org.springframework.http.ResponseEntity<java.lang.Object> com.starkinc.stopic.controller.TopicController.saveOrUpdate(com.starkinc.stopic.entity.Topic)
2017-01-04 01:04:41.591  INFO 12040 --- [main] s.w.s.m.m.a.RequestMappingHandlerMapping : Mapped "{[/users/{id}],methods=[GET],consumes=[application/json],produces=[application/json]}" onto public org.springframework.http.ResponseEntity<java.lang.Object> com.starkinc.stopic.controller.UserController.findUserById(java.lang.String)
2017-01-04 01:04:41.592  INFO 12040 --- [main] s.w.s.m.m.a.RequestMappingHandlerMapping : Mapped "{[/users],methods=[POST],consumes=[application/json],produces=[application/json]}" onto public org.springframework.http.ResponseEntity<java.lang.Object> com.starkinc.stopic.controller.UserController.saveOrUpdateUser(com.starkinc.stopic.entity.User)
2017-01-04 01:04:41.593  INFO 12040 --- [main] s.w.s.m.m.a.RequestMappingHandlerMapping : Mapped "{[/users/search],methods=[GET],consumes=[application/json],produces=[application/json]}" onto public org.springframework.http.ResponseEntity<java.lang.Object> com.starkinc.stopic.controller.UserController.findUserByName(java.lang.String)
2017-01-04 01:04:41.593  INFO 12040 --- [main] s.w.s.m.m.a.RequestMappingHandlerMapping : Mapped "{[/users/{id}],methods=[DELETE],consumes=[application/json],produces=[application/json]}" onto public org.springframework.http.ResponseEntity<java.lang.Object> com.starkinc.stopic.controller.UserController.deleteUser(java.lang.String)
2017-01-04 01:04:41.598  INFO 12040 --- [main] s.w.s.m.m.a.RequestMappingHandlerMapping : Mapped "{[/error]}" onto public org.springframework.http.ResponseEntity<java.util.Map<java.lang.String, java.lang.Object>> org.springframework.boot.autoconfigure.web.BasicErrorController.error(javax.servlet.http.HttpServletRequest)
2017-01-04 01:04:41.599  INFO 12040 --- [main] s.w.s.m.m.a.RequestMappingHandlerMapping : Mapped "{[/error],produces=[text/html]}" onto public org.springframework.web.servlet.ModelAndView org.springframework.boot.autoconfigure.web.BasicErrorController.errorHtml(javax.servlet.http.HttpServletRequest,javax.servlet.http.HttpServletResponse)
2017-01-04 01:04:41.696  INFO 12040 --- [main] o.s.w.s.handler.SimpleUrlHandlerMapping  : Mapped URL path [/webjars/**] onto handler of type [class org.springframework.web.servlet.resource.ResourceHttpRequestHandler]
2017-01-04 01:04:41.697  INFO 12040 --- [main] o.s.w.s.handler.SimpleUrlHandlerMapping  : Mapped URL path [/**] onto handler of type [class org.springframework.web.servlet.resource.ResourceHttpRequestHandler]
2017-01-04 01:04:41.817  INFO 12040 --- [main] o.s.w.s.handler.SimpleUrlHandlerMapping  : Mapped URL path [/**/favicon.ico] onto handler of type [class org.springframework.web.servlet.resource.ResourceHttpRequestHandler]
2017-01-04 01:04:42.319  INFO 12040 --- [main] o.s.j.e.a.AnnotationMBeanExporter        : Registering beans for JMX exposure on startup
2017-01-04 01:04:42.400  INFO 12040 --- [main] s.b.c.e.t.TomcatEmbeddedServletContainer : Tomcat started on port(s): 8080 (http)
2017-01-04 01:04:42.406  INFO 12040 --- [main] c.s.stopic.TopicServiceApplication       : Started TopicServiceApplication in 8.211 seconds (JVM running for 8.999)
2017-01-04 01:04:50.301  INFO 12040 --- [http-nio-8080-exec-1] o.a.c.c.C.[Tomcat].[localhost].[/]       : Initializing Spring FrameworkServlet 'dispatcherServlet'
2017-01-04 01:04:50.301  INFO 12040 --- [http-nio-8080-exec-1] o.s.web.servlet.DispatcherServlet        : FrameworkServlet 'dispatcherServlet': initialization started
2017-01-04 01:04:50.337  INFO 12040 --- [http-nio-8080-exec-1] o.s.web.servlet.DispatcherServlet        : FrameworkServlet 'dispatcherServlet': initialization completed in 36 ms
2017-01-04 01:04:50.394  INFO 12040 --- [http-nio-8080-exec-1] c.s.stopic.controller.TopicController    : Enters::ResponseEntity com.starkinc.stopic.controller.TopicController.findByTopicName(String,String)
2017-01-04 01:04:50.415  INFO 12040 --- [http-nio-8080-exec-1] c.s.stopic.controller.TopicController    : Exits::ResponseEntity com.starkinc.stopic.controller.TopicController.findByTopicName(String,String)
2017-01-04 01:06:00.787  INFO 12040 --- [RMI TCP Connection(8)-192.168.56.1] inMXBeanRegistrar$SpringApplicationAdmin : Application shutdown requested.
2017-01-04 01:06:00.788  INFO 12040 --- [RMI TCP Connection(8)-192.168.56.1] ationConfigEmbeddedWebApplicationContext : Closing org.springframework.boot.context.embedded.AnnotationConfigEmbeddedWebApplicationContext@3d285d7e: startup date [Wed Jan 04 01:04:34 IST 2017]; root of context hierarchy
2017-01-04 01:06:00.790  INFO 12040 --- [RMI TCP Connection(8)-192.168.56.1] o.s.j.e.a.AnnotationMBeanExporter        : Unregistering JMX-exposed beans on shutdown
2017-01-04 01:06:05.061  INFO 13808 --- [main] c.s.stopic.TopicServiceApplication       : Starting TopicServiceApplication on Dell-Inspiron with PID 13808 (D:\Git\rajasushanth\topic-service\target\classes started by Dell in D:\Git\rajasushanth\topic-service)
2017-01-04 01:06:05.066  INFO 13808 --- [main] c.s.stopic.TopicServiceApplication       : No active profile set, falling back to default profiles: default
2017-01-04 01:06:05.202  INFO 13808 --- [main] ationConfigEmbeddedWebApplicationContext : Refreshing org.springframework.boot.context.embedded.AnnotationConfigEmbeddedWebApplicationContext@3d285d7e: startup date [Wed Jan 04 01:06:05 IST 2017]; root of context hierarchy
2017-01-04 01:06:08.494  INFO 13808 --- [main] s.b.c.e.t.TomcatEmbeddedServletContainer : Tomcat initialized with port(s): 8080 (http)
2017-01-04 01:06:08.516  INFO 13808 --- [main] o.apache.catalina.core.StandardService   : Starting service Tomcat
2017-01-04 01:06:08.517  INFO 13808 --- [main] org.apache.catalina.core.StandardEngine  : Starting Servlet Engine: Apache Tomcat/8.5.6
2017-01-04 01:06:08.751  INFO 13808 --- [localhost-startStop-1] o.a.c.c.C.[Tomcat].[localhost].[/]       : Initializing Spring embedded WebApplicationContext
2017-01-04 01:06:08.752  INFO 13808 --- [localhost-startStop-1] o.s.web.context.ContextLoader            : Root WebApplicationContext: initialization completed in 3577 ms
2017-01-04 01:06:09.061  INFO 13808 --- [localhost-startStop-1] o.s.b.w.servlet.ServletRegistrationBean  : Mapping servlet: 'dispatcherServlet' to [/]
2017-01-04 01:06:09.066  INFO 13808 --- [localhost-startStop-1] o.s.b.w.servlet.FilterRegistrationBean   : Mapping filter: 'characterEncodingFilter' to: [/*]
2017-01-04 01:06:09.066  INFO 13808 --- [localhost-startStop-1] o.s.b.w.servlet.FilterRegistrationBean   : Mapping filter: 'hiddenHttpMethodFilter' to: [/*]
2017-01-04 01:06:09.066  INFO 13808 --- [localhost-startStop-1] o.s.b.w.servlet.FilterRegistrationBean   : Mapping filter: 'httpPutFormContentFilter' to: [/*]
2017-01-04 01:06:09.067  INFO 13808 --- [localhost-startStop-1] o.s.b.w.servlet.FilterRegistrationBean   : Mapping filter: 'requestContextFilter' to: [/*]
2017-01-04 01:06:09.750  INFO 13808 --- [main] org.mongodb.driver.cluster               : Cluster created with settings {hosts=[localhost:27017], mode=MULTIPLE, requiredClusterType=UNKNOWN, serverSelectionTimeout='30000 ms', maxWaitQueueSize=500}
2017-01-04 01:06:09.750  INFO 13808 --- [main] org.mongodb.driver.cluster               : Adding discovered server localhost:27017 to client view of cluster
2017-01-04 01:06:10.601  INFO 13808 --- [cluster-ClusterId{value='586bfd29303bf935f04b9d7b', description='null'}-localhost:27017] org.mongodb.driver.connection            : Opened connection [connectionId{localValue:1, serverValue:17}] to localhost:27017
2017-01-04 01:06:10.605  INFO 13808 --- [cluster-ClusterId{value='586bfd29303bf935f04b9d7b', description='null'}-localhost:27017] org.mongodb.driver.cluster               : Monitor thread successfully connected to server with description ServerDescription{address=localhost:27017, type=STANDALONE, state=CONNECTED, ok=true, version=ServerVersion{versionList=[3, 2, 10]}, minWireVersion=0, maxWireVersion=4, maxDocumentSize=16777216, roundTripTimeNanos=1568479}
2017-01-04 01:06:10.608  INFO 13808 --- [cluster-ClusterId{value='586bfd29303bf935f04b9d7b', description='null'}-localhost:27017] org.mongodb.driver.cluster               : Discovered cluster type of STANDALONE
2017-01-04 01:06:11.357  INFO 13808 --- [main] s.w.s.m.m.a.RequestMappingHandlerAdapter : Looking for @ControllerAdvice: org.springframework.boot.context.embedded.AnnotationConfigEmbeddedWebApplicationContext@3d285d7e: startup date [Wed Jan 04 01:06:05 IST 2017]; root of context hierarchy
2017-01-04 01:06:11.478  INFO 13808 --- [main] s.w.s.m.m.a.RequestMappingHandlerMapping : Mapped "{[/conversations],methods=[PUT],consumes=[application/json],produces=[application/json]}" onto public org.springframework.http.ResponseEntity<java.lang.Object> com.starkinc.stopic.controller.CoversationController.update(com.starkinc.stopic.entity.Conversation)
2017-01-04 01:06:11.480  INFO 13808 --- [main] s.w.s.m.m.a.RequestMappingHandlerMapping : Mapped "{[/conversations],methods=[POST],consumes=[application/json],produces=[application/json]}" onto public org.springframework.http.ResponseEntity<java.lang.Object> com.starkinc.stopic.controller.CoversationController.save(java.util.Map<java.lang.String, java.lang.String>)
2017-01-04 01:06:11.482  INFO 13808 --- [main] s.w.s.m.m.a.RequestMappingHandlerMapping : Mapped "{[/conversations/{id}],methods=[GET],consumes=[application/json],produces=[application/json]}" onto public org.springframework.http.ResponseEntity<java.lang.Object> com.starkinc.stopic.controller.CoversationController.findByRefId(java.lang.String)
2017-01-04 01:06:11.488  INFO 13808 --- [main] s.w.s.m.m.a.RequestMappingHandlerMapping : Mapped "{[/topics/{id}],methods=[DELETE],consumes=[application/json],produces=[application/json]}" onto public org.springframework.http.ResponseEntity<java.lang.Object> com.starkinc.stopic.controller.TopicController.delete(java.lang.String)
2017-01-04 01:06:11.489  INFO 13808 --- [main] s.w.s.m.m.a.RequestMappingHandlerMapping : Mapped "{[/topics/search],methods=[GET],consumes=[application/json],produces=[application/json]}" onto public org.springframework.http.ResponseEntity<java.lang.Object> com.starkinc.stopic.controller.TopicController.findByTopicName(java.lang.String,java.lang.String)
2017-01-04 01:06:11.489  INFO 13808 --- [main] s.w.s.m.m.a.RequestMappingHandlerMapping : Mapped "{[/topics],methods=[POST],consumes=[application/json],produces=[application/json]}" onto public org.springframework.http.ResponseEntity<java.lang.Object> com.starkinc.stopic.controller.TopicController.saveOrUpdate(com.starkinc.stopic.entity.Topic)
2017-01-04 01:06:11.491  INFO 13808 --- [main] s.w.s.m.m.a.RequestMappingHandlerMapping : Mapped "{[/topics/{id}],methods=[GET],consumes=[application/json],produces=[application/json]}" onto public org.springframework.http.ResponseEntity<java.lang.Object> com.starkinc.stopic.controller.TopicController.findById(java.lang.String)
2017-01-04 01:06:11.492  INFO 13808 --- [main] s.w.s.m.m.a.RequestMappingHandlerMapping : Mapped "{[/topics],methods=[GET],consumes=[application/json],produces=[application/json]}" onto public org.springframework.http.ResponseEntity<java.lang.Object> com.starkinc.stopic.controller.TopicController.findAll()
2017-01-04 01:06:11.495  INFO 13808 --- [main] s.w.s.m.m.a.RequestMappingHandlerMapping : Mapped "{[/users/{id}],methods=[GET],consumes=[application/json],produces=[application/json]}" onto public org.springframework.http.ResponseEntity<java.lang.Object> com.starkinc.stopic.controller.UserController.findUserById(java.lang.String)
2017-01-04 01:06:11.496  INFO 13808 --- [main] s.w.s.m.m.a.RequestMappingHandlerMapping : Mapped "{[/users],methods=[POST],consumes=[application/json],produces=[application/json]}" onto public org.springframework.http.ResponseEntity<java.lang.Object> com.starkinc.stopic.controller.UserController.saveOrUpdateUser(com.starkinc.stopic.entity.User)
2017-01-04 01:06:11.497  INFO 13808 --- [main] s.w.s.m.m.a.RequestMappingHandlerMapping : Mapped "{[/users/search],methods=[GET],consumes=[application/json],produces=[application/json]}" onto public org.springframework.http.ResponseEntity<java.lang.Object> com.starkinc.stopic.controller.UserController.findUserByName(java.lang.String)
2017-01-04 01:06:11.498  INFO 13808 --- [main] s.w.s.m.m.a.RequestMappingHandlerMapping : Mapped "{[/users/{id}],methods=[DELETE],consumes=[application/json],produces=[application/json]}" onto public org.springframework.http.ResponseEntity<java.lang.Object> com.starkinc.stopic.controller.UserController.deleteUser(java.lang.String)
2017-01-04 01:06:11.501  INFO 13808 --- [main] s.w.s.m.m.a.RequestMappingHandlerMapping : Mapped "{[/error]}" onto public org.springframework.http.ResponseEntity<java.util.Map<java.lang.String, java.lang.Object>> org.springframework.boot.autoconfigure.web.BasicErrorController.error(javax.servlet.http.HttpServletRequest)
2017-01-04 01:06:11.502  INFO 13808 --- [main] s.w.s.m.m.a.RequestMappingHandlerMapping : Mapped "{[/error],produces=[text/html]}" onto public org.springframework.web.servlet.ModelAndView org.springframework.boot.autoconfigure.web.BasicErrorController.errorHtml(javax.servlet.http.HttpServletRequest,javax.servlet.http.HttpServletResponse)
2017-01-04 01:06:11.591  INFO 13808 --- [main] o.s.w.s.handler.SimpleUrlHandlerMapping  : Mapped URL path [/webjars/**] onto handler of type [class org.springframework.web.servlet.resource.ResourceHttpRequestHandler]
2017-01-04 01:06:11.591  INFO 13808 --- [main] o.s.w.s.handler.SimpleUrlHandlerMapping  : Mapped URL path [/**] onto handler of type [class org.springframework.web.servlet.resource.ResourceHttpRequestHandler]
2017-01-04 01:06:11.686  INFO 13808 --- [main] o.s.w.s.handler.SimpleUrlHandlerMapping  : Mapped URL path [/**/favicon.ico] onto handler of type [class org.springframework.web.servlet.resource.ResourceHttpRequestHandler]
2017-01-04 01:06:12.002  INFO 13808 --- [main] o.s.j.e.a.AnnotationMBeanExporter        : Registering beans for JMX exposure on startup
2017-01-04 01:06:12.107  INFO 13808 --- [main] s.b.c.e.t.TomcatEmbeddedServletContainer : Tomcat started on port(s): 8080 (http)
2017-01-04 01:06:12.116  INFO 13808 --- [main] c.s.stopic.TopicServiceApplication       : Started TopicServiceApplication in 7.73 seconds (JVM running for 8.479)
2017-01-04 01:06:17.817  INFO 13808 --- [http-nio-8080-exec-1] o.a.c.c.C.[Tomcat].[localhost].[/]       : Initializing Spring FrameworkServlet 'dispatcherServlet'
2017-01-04 01:06:17.818  INFO 13808 --- [http-nio-8080-exec-1] o.s.web.servlet.DispatcherServlet        : FrameworkServlet 'dispatcherServlet': initialization started
2017-01-04 01:06:17.860  INFO 13808 --- [http-nio-8080-exec-1] o.s.web.servlet.DispatcherServlet        : FrameworkServlet 'dispatcherServlet': initialization completed in 42 ms
2017-01-04 01:06:17.955  INFO 13808 --- [http-nio-8080-exec-1] c.s.stopic.controller.TopicController    : Enters::ResponseEntity com.starkinc.stopic.controller.TopicController.findByTopicName(String,String)
2017-01-04 01:06:17.981  INFO 13808 --- [http-nio-8080-exec-1] c.starkinc.stopic.daoImpl.TopicDAOImpl   : Enters::List com.starkinc.stopic.dao.TopicDAO.search(String,String)
2017-01-04 01:06:17.982  INFO 13808 --- [http-nio-8080-exec-1] c.s.s.r.TopicRepositoryImpl              : Enters::List com.starkinc.stopic.repository.TopicCustomRepository.findByTopicNameOrUserName(String,String)
2017-01-04 01:06:18.083  INFO 13808 --- [http-nio-8080-exec-1] org.mongodb.driver.connection            : Opened connection [connectionId{localValue:2, serverValue:18}] to localhost:27017
2017-01-04 01:06:18.149  INFO 13808 --- [http-nio-8080-exec-1] c.s.s.r.TopicRepositoryImpl              : Exits::List com.starkinc.stopic.repository.TopicCustomRepository.findByTopicNameOrUserName(String,String)
2017-01-04 01:06:18.150  INFO 13808 --- [http-nio-8080-exec-1] c.starkinc.stopic.daoImpl.TopicDAOImpl   : Exits::List com.starkinc.stopic.dao.TopicDAO.search(String,String)
2017-01-04 01:06:18.151  INFO 13808 --- [http-nio-8080-exec-1] c.s.stopic.controller.TopicController    : Exits::ResponseEntity com.starkinc.stopic.controller.TopicController.findByTopicName(String,String)
2017-01-04 01:08:55.489  INFO 13808 --- [RMI TCP Connection(10)-192.168.56.1] inMXBeanRegistrar$SpringApplicationAdmin : Application shutdown requested.
2017-01-04 01:08:55.489  INFO 13808 --- [RMI TCP Connection(10)-192.168.56.1] ationConfigEmbeddedWebApplicationContext : Closing org.springframework.boot.context.embedded.AnnotationConfigEmbeddedWebApplicationContext@3d285d7e: startup date [Wed Jan 04 01:06:05 IST 2017]; root of context hierarchy
2017-01-04 01:08:55.492  INFO 13808 --- [RMI TCP Connection(10)-192.168.56.1] o.s.j.e.a.AnnotationMBeanExporter        : Unregistering JMX-exposed beans on shutdown
2017-01-04 01:08:55.496  INFO 13808 --- [RMI TCP Connection(10)-192.168.56.1] org.mongodb.driver.connection            : Closed connection [connectionId{localValue:2, serverValue:18}] to localhost:27017 because the pool has been closed.
2017-01-04 21:54:27.535  INFO 5260 --- [main] c.s.stopic.TopicServiceApplication       : Starting TopicServiceApplication on Dell-Inspiron with PID 5260 (D:\Git\rajasushanth\topic-service\target\classes started by Dell in D:\Git\rajasushanth\topic-service)
2017-01-04 21:54:27.556  INFO 5260 --- [main] c.s.stopic.TopicServiceApplication       : No active profile set, falling back to default profiles: default
2017-01-04 21:54:27.789  INFO 5260 --- [main] ationConfigEmbeddedWebApplicationContext : Refreshing org.springframework.boot.context.embedded.AnnotationConfigEmbeddedWebApplicationContext@302552ec: startup date [Wed Jan 04 21:54:27 IST 2017]; root of context hierarchy
2017-01-04 21:54:32.639  INFO 5260 --- [main] s.b.c.e.t.TomcatEmbeddedServletContainer : Tomcat initialized with port(s): 8080 (http)
2017-01-04 21:54:32.771  INFO 5260 --- [main] o.apache.catalina.core.StandardService   : Starting service Tomcat
2017-01-04 21:54:32.773  INFO 5260 --- [main] org.apache.catalina.core.StandardEngine  : Starting Servlet Engine: Apache Tomcat/8.5.6
2017-01-04 21:54:33.655  INFO 5260 --- [localhost-startStop-1] o.a.c.c.C.[Tomcat].[localhost].[/]       : Initializing Spring embedded WebApplicationContext
2017-01-04 21:54:33.656  INFO 5260 --- [localhost-startStop-1] o.s.web.context.ContextLoader            : Root WebApplicationContext: initialization completed in 5872 ms
2017-01-04 21:54:34.289  INFO 5260 --- [localhost-startStop-1] o.s.b.w.servlet.ServletRegistrationBean  : Mapping servlet: 'dispatcherServlet' to [/]
2017-01-04 21:54:34.311  INFO 5260 --- [localhost-startStop-1] o.s.b.w.servlet.FilterRegistrationBean   : Mapping filter: 'characterEncodingFilter' to: [/*]
2017-01-04 21:54:34.311  INFO 5260 --- [localhost-startStop-1] o.s.b.w.servlet.FilterRegistrationBean   : Mapping filter: 'hiddenHttpMethodFilter' to: [/*]
2017-01-04 21:54:34.311  INFO 5260 --- [localhost-startStop-1] o.s.b.w.servlet.FilterRegistrationBean   : Mapping filter: 'httpPutFormContentFilter' to: [/*]
2017-01-04 21:54:34.311  INFO 5260 --- [localhost-startStop-1] o.s.b.w.servlet.FilterRegistrationBean   : Mapping filter: 'requestContextFilter' to: [/*]
2017-01-04 21:54:35.740  INFO 5260 --- [main] org.mongodb.driver.cluster               : Cluster created with settings {hosts=[localhost:27017], mode=MULTIPLE, requiredClusterType=UNKNOWN, serverSelectionTimeout='30000 ms', maxWaitQueueSize=500}
2017-01-04 21:54:35.743  INFO 5260 --- [main] org.mongodb.driver.cluster               : Adding discovered server localhost:27017 to client view of cluster
2017-01-04 21:54:37.388  INFO 5260 --- [cluster-ClusterId{value='586d21c3303bf9148c914cd0', description='null'}-localhost:27017] org.mongodb.driver.cluster               : Exception in monitor thread while connecting to server localhost:27017

com.mongodb.MongoSocketOpenException: Exception opening socket
	at com.mongodb.connection.SocketStream.open(SocketStream.java:63)
	at com.mongodb.connection.InternalStreamConnection.open(InternalStreamConnection.java:114)
	at com.mongodb.connection.DefaultServerMonitor$ServerMonitorRunnable.run(DefaultServerMonitor.java:128)
	at java.lang.Thread.run(Unknown Source)
Caused by: java.net.ConnectException: Connection refused: connect
	at java.net.DualStackPlainSocketImpl.waitForConnect(Native Method)
	at java.net.DualStackPlainSocketImpl.socketConnect(Unknown Source)
	at java.net.AbstractPlainSocketImpl.doConnect(Unknown Source)
	at java.net.AbstractPlainSocketImpl.connectToAddress(Unknown Source)
	at java.net.AbstractPlainSocketImpl.connect(Unknown Source)
	at java.net.PlainSocketImpl.connect(Unknown Source)
	at java.net.SocksSocketImpl.connect(Unknown Source)
	at java.net.Socket.connect(Unknown Source)
	at com.mongodb.connection.SocketStreamHelper.initialize(SocketStreamHelper.java:50)
	at com.mongodb.connection.SocketStream.open(SocketStream.java:58)
	... 3 common frames omitted

2017-01-04 21:54:37.872  INFO 5260 --- [main] s.w.s.m.m.a.RequestMappingHandlerAdapter : Looking for @ControllerAdvice: org.springframework.boot.context.embedded.AnnotationConfigEmbeddedWebApplicationContext@302552ec: startup date [Wed Jan 04 21:54:27 IST 2017]; root of context hierarchy
2017-01-04 21:54:38.034  INFO 5260 --- [main] s.w.s.m.m.a.RequestMappingHandlerMapping : Mapped "{[/conversations],methods=[PUT],consumes=[application/json],produces=[application/json]}" onto public org.springframework.http.ResponseEntity<java.lang.Object> com.starkinc.stopic.controller.CoversationController.update(com.starkinc.stopic.entity.Conversation)
2017-01-04 21:54:38.036  INFO 5260 --- [main] s.w.s.m.m.a.RequestMappingHandlerMapping : Mapped "{[/conversations/{id}],methods=[DELETE],consumes=[application/json],produces=[application/json]}" onto public org.springframework.http.ResponseEntity<java.lang.Object> com.starkinc.stopic.controller.CoversationController.delete(java.lang.String)
2017-01-04 21:54:38.037  INFO 5260 --- [main] s.w.s.m.m.a.RequestMappingHandlerMapping : Mapped "{[/conversations],methods=[POST],consumes=[application/json],produces=[application/json]}" onto public org.springframework.http.ResponseEntity<java.lang.Object> com.starkinc.stopic.controller.CoversationController.save(java.util.Map<java.lang.String, java.lang.String>)
2017-01-04 21:54:38.037  INFO 5260 --- [main] s.w.s.m.m.a.RequestMappingHandlerMapping : Mapped "{[/conversations/{id}],methods=[GET],consumes=[application/json],produces=[application/json]}" onto public org.springframework.http.ResponseEntity<java.lang.Object> com.starkinc.stopic.controller.CoversationController.findByRefId(java.lang.String)
2017-01-04 21:54:38.040  INFO 5260 --- [main] s.w.s.m.m.a.RequestMappingHandlerMapping : Mapped "{[/topics/{id}],methods=[DELETE],consumes=[application/json],produces=[application/json]}" onto public org.springframework.http.ResponseEntity<java.lang.Object> com.starkinc.stopic.controller.TopicController.delete(java.lang.String)
2017-01-04 21:54:38.040  INFO 5260 --- [main] s.w.s.m.m.a.RequestMappingHandlerMapping : Mapped "{[/topics],methods=[POST],consumes=[application/json],produces=[application/json]}" onto public org.springframework.http.ResponseEntity<java.lang.Object> com.starkinc.stopic.controller.TopicController.saveOrUpdate(com.starkinc.stopic.entity.Topic)
2017-01-04 21:54:38.041  INFO 5260 --- [main] s.w.s.m.m.a.RequestMappingHandlerMapping : Mapped "{[/topics/{id}],methods=[GET],consumes=[application/json],produces=[application/json]}" onto public org.springframework.http.ResponseEntity<java.lang.Object> com.starkinc.stopic.controller.TopicController.findById(java.lang.String)
2017-01-04 21:54:38.042  INFO 5260 --- [main] s.w.s.m.m.a.RequestMappingHandlerMapping : Mapped "{[/topics/search],methods=[GET],consumes=[application/json],produces=[application/json]}" onto public org.springframework.http.ResponseEntity<java.lang.Object> com.starkinc.stopic.controller.TopicController.findByTopicName(java.lang.String,java.lang.String)
2017-01-04 21:54:38.043  INFO 5260 --- [main] s.w.s.m.m.a.RequestMappingHandlerMapping : Mapped "{[/topics],methods=[GET],consumes=[application/json],produces=[application/json]}" onto public org.springframework.http.ResponseEntity<java.lang.Object> com.starkinc.stopic.controller.TopicController.findAll()
2017-01-04 21:54:38.045  INFO 5260 --- [main] s.w.s.m.m.a.RequestMappingHandlerMapping : Mapped "{[/users],methods=[POST],consumes=[application/json],produces=[application/json]}" onto public org.springframework.http.ResponseEntity<java.lang.Object> com.starkinc.stopic.controller.UserController.saveOrUpdateUser(com.starkinc.stopic.entity.User)
2017-01-04 21:54:38.046  INFO 5260 --- [main] s.w.s.m.m.a.RequestMappingHandlerMapping : Mapped "{[/users/search],methods=[GET],consumes=[application/json],produces=[application/json]}" onto public org.springframework.http.ResponseEntity<java.lang.Object> com.starkinc.stopic.controller.UserController.findUserByName(java.lang.String)
2017-01-04 21:54:38.047  INFO 5260 --- [main] s.w.s.m.m.a.RequestMappingHandlerMapping : Mapped "{[/users/{id}],methods=[GET],consumes=[application/json],produces=[application/json]}" onto public org.springframework.http.ResponseEntity<java.lang.Object> com.starkinc.stopic.controller.UserController.findUserById(java.lang.String)
2017-01-04 21:54:38.047  INFO 5260 --- [main] s.w.s.m.m.a.RequestMappingHandlerMapping : Mapped "{[/users/{id}],methods=[DELETE],consumes=[application/json],produces=[application/json]}" onto public org.springframework.http.ResponseEntity<java.lang.Object> com.starkinc.stopic.controller.UserController.deleteUser(java.lang.String)
2017-01-04 21:54:38.050  INFO 5260 --- [main] s.w.s.m.m.a.RequestMappingHandlerMapping : Mapped "{[/error]}" onto public org.springframework.http.ResponseEntity<java.util.Map<java.lang.String, java.lang.Object>> org.springframework.boot.autoconfigure.web.BasicErrorController.error(javax.servlet.http.HttpServletRequest)
2017-01-04 21:54:38.050  INFO 5260 --- [main] s.w.s.m.m.a.RequestMappingHandlerMapping : Mapped "{[/error],produces=[text/html]}" onto public org.springframework.web.servlet.ModelAndView org.springframework.boot.autoconfigure.web.BasicErrorController.errorHtml(javax.servlet.http.HttpServletRequest,javax.servlet.http.HttpServletResponse)
2017-01-04 21:54:38.123  INFO 5260 --- [main] o.s.w.s.handler.SimpleUrlHandlerMapping  : Mapped URL path [/webjars/**] onto handler of type [class org.springframework.web.servlet.resource.ResourceHttpRequestHandler]
2017-01-04 21:54:38.123  INFO 5260 --- [main] o.s.w.s.handler.SimpleUrlHandlerMapping  : Mapped URL path [/**] onto handler of type [class org.springframework.web.servlet.resource.ResourceHttpRequestHandler]
2017-01-04 21:54:38.240  INFO 5260 --- [main] o.s.w.s.handler.SimpleUrlHandlerMapping  : Mapped URL path [/**/favicon.ico] onto handler of type [class org.springframework.web.servlet.resource.ResourceHttpRequestHandler]
2017-01-04 21:54:38.747  INFO 5260 --- [main] o.s.j.e.a.AnnotationMBeanExporter        : Registering beans for JMX exposure on startup
2017-01-04 21:54:38.956  INFO 5260 --- [main] s.b.c.e.t.TomcatEmbeddedServletContainer : Tomcat started on port(s): 8080 (http)
2017-01-04 21:54:38.972  INFO 5260 --- [main] c.s.stopic.TopicServiceApplication       : Started TopicServiceApplication in 12.115 seconds (JVM running for 13.39)
2017-01-04 21:54:49.574  INFO 5260 --- [RMI TCP Connection(6)-192.168.56.1] inMXBeanRegistrar$SpringApplicationAdmin : Application shutdown requested.
2017-01-04 21:54:49.575  INFO 5260 --- [RMI TCP Connection(6)-192.168.56.1] ationConfigEmbeddedWebApplicationContext : Closing org.springframework.boot.context.embedded.AnnotationConfigEmbeddedWebApplicationContext@302552ec: startup date [Wed Jan 04 21:54:27 IST 2017]; root of context hierarchy
2017-01-04 21:54:49.578  INFO 5260 --- [RMI TCP Connection(6)-192.168.56.1] o.s.j.e.a.AnnotationMBeanExporter        : Unregistering JMX-exposed beans on shutdown
2017-01-04 21:54:54.106  INFO 2340 --- [main] c.s.stopic.TopicServiceApplication       : Starting TopicServiceApplication on Dell-Inspiron with PID 2340 (D:\Git\rajasushanth\topic-service\target\classes started by Dell in D:\Git\rajasushanth\topic-service)
2017-01-04 21:54:54.110  INFO 2340 --- [main] c.s.stopic.TopicServiceApplication       : No active profile set, falling back to default profiles: default
2017-01-04 21:54:54.223  INFO 2340 --- [main] ationConfigEmbeddedWebApplicationContext : Refreshing org.springframework.boot.context.embedded.AnnotationConfigEmbeddedWebApplicationContext@3d285d7e: startup date [Wed Jan 04 21:54:54 IST 2017]; root of context hierarchy
2017-01-04 21:54:57.869  INFO 2340 --- [main] s.b.c.e.t.TomcatEmbeddedServletContainer : Tomcat initialized with port(s): 8080 (http)
2017-01-04 21:54:57.888  INFO 2340 --- [main] o.apache.catalina.core.StandardService   : Starting service Tomcat
2017-01-04 21:54:57.891  INFO 2340 --- [main] org.apache.catalina.core.StandardEngine  : Starting Servlet Engine: Apache Tomcat/8.5.6
2017-01-04 21:54:58.112  INFO 2340 --- [localhost-startStop-1] o.a.c.c.C.[Tomcat].[localhost].[/]       : Initializing Spring embedded WebApplicationContext
2017-01-04 21:54:58.113  INFO 2340 --- [localhost-startStop-1] o.s.web.context.ContextLoader            : Root WebApplicationContext: initialization completed in 3895 ms
2017-01-04 21:54:58.580  INFO 2340 --- [localhost-startStop-1] o.s.b.w.servlet.ServletRegistrationBean  : Mapping servlet: 'dispatcherServlet' to [/]
2017-01-04 21:54:58.617  INFO 2340 --- [localhost-startStop-1] o.s.b.w.servlet.FilterRegistrationBean   : Mapping filter: 'characterEncodingFilter' to: [/*]
2017-01-04 21:54:58.618  INFO 2340 --- [localhost-startStop-1] o.s.b.w.servlet.FilterRegistrationBean   : Mapping filter: 'hiddenHttpMethodFilter' to: [/*]
2017-01-04 21:54:58.619  INFO 2340 --- [localhost-startStop-1] o.s.b.w.servlet.FilterRegistrationBean   : Mapping filter: 'httpPutFormContentFilter' to: [/*]
2017-01-04 21:54:58.619  INFO 2340 --- [localhost-startStop-1] o.s.b.w.servlet.FilterRegistrationBean   : Mapping filter: 'requestContextFilter' to: [/*]
2017-01-04 21:54:59.204  INFO 2340 --- [main] org.mongodb.driver.cluster               : Cluster created with settings {hosts=[localhost:27017], mode=MULTIPLE, requiredClusterType=UNKNOWN, serverSelectionTimeout='30000 ms', maxWaitQueueSize=500}
2017-01-04 21:54:59.205  INFO 2340 --- [main] org.mongodb.driver.cluster               : Adding discovered server localhost:27017 to client view of cluster
2017-01-04 21:55:01.020  INFO 2340 --- [main] s.w.s.m.m.a.RequestMappingHandlerAdapter : Looking for @ControllerAdvice: org.springframework.boot.context.embedded.AnnotationConfigEmbeddedWebApplicationContext@3d285d7e: startup date [Wed Jan 04 21:54:54 IST 2017]; root of context hierarchy
2017-01-04 21:55:01.094  INFO 2340 --- [cluster-ClusterId{value='586d21db303bf90924675d2a', description='null'}-localhost:27017] org.mongodb.driver.connection            : Opened connection [connectionId{localValue:1, serverValue:1}] to localhost:27017
2017-01-04 21:55:01.096  INFO 2340 --- [cluster-ClusterId{value='586d21db303bf90924675d2a', description='null'}-localhost:27017] org.mongodb.driver.cluster               : Monitor thread successfully connected to server with description ServerDescription{address=localhost:27017, type=STANDALONE, state=CONNECTED, ok=true, version=ServerVersion{versionList=[3, 2, 10]}, minWireVersion=0, maxWireVersion=4, maxDocumentSize=16777216, roundTripTimeNanos=920933}
2017-01-04 21:55:01.098  INFO 2340 --- [cluster-ClusterId{value='586d21db303bf90924675d2a', description='null'}-localhost:27017] org.mongodb.driver.cluster               : Discovered cluster type of STANDALONE
2017-01-04 21:55:01.288  INFO 2340 --- [main] s.w.s.m.m.a.RequestMappingHandlerMapping : Mapped "{[/conversations],methods=[PUT],consumes=[application/json],produces=[application/json]}" onto public org.springframework.http.ResponseEntity<java.lang.Object> com.starkinc.stopic.controller.CoversationController.update(com.starkinc.stopic.entity.Conversation)
2017-01-04 21:55:01.290  INFO 2340 --- [main] s.w.s.m.m.a.RequestMappingHandlerMapping : Mapped "{[/conversations/{id}],methods=[DELETE],consumes=[application/json],produces=[application/json]}" onto public org.springframework.http.ResponseEntity<java.lang.Object> com.starkinc.stopic.controller.CoversationController.delete(java.lang.String)
2017-01-04 21:55:01.291  INFO 2340 --- [main] s.w.s.m.m.a.RequestMappingHandlerMapping : Mapped "{[/conversations],methods=[POST],consumes=[application/json],produces=[application/json]}" onto public org.springframework.http.ResponseEntity<java.lang.Object> com.starkinc.stopic.controller.CoversationController.save(java.util.Map<java.lang.String, java.lang.String>)
2017-01-04 21:55:01.292  INFO 2340 --- [main] s.w.s.m.m.a.RequestMappingHandlerMapping : Mapped "{[/conversations/{id}],methods=[GET],consumes=[application/json],produces=[application/json]}" onto public org.springframework.http.ResponseEntity<java.lang.Object> com.starkinc.stopic.controller.CoversationController.findByRefId(java.lang.String)
2017-01-04 21:55:01.296  INFO 2340 --- [main] s.w.s.m.m.a.RequestMappingHandlerMapping : Mapped "{[/topics/{id}],methods=[DELETE],consumes=[application/json],produces=[application/json]}" onto public org.springframework.http.ResponseEntity<java.lang.Object> com.starkinc.stopic.controller.TopicController.delete(java.lang.String)
2017-01-04 21:55:01.297  INFO 2340 --- [main] s.w.s.m.m.a.RequestMappingHandlerMapping : Mapped "{[/topics/{id}],methods=[GET],consumes=[application/json],produces=[application/json]}" onto public org.springframework.http.ResponseEntity<java.lang.Object> com.starkinc.stopic.controller.TopicController.findById(java.lang.String)
2017-01-04 21:55:01.298  INFO 2340 --- [main] s.w.s.m.m.a.RequestMappingHandlerMapping : Mapped "{[/topics/search],methods=[GET],consumes=[application/json],produces=[application/json]}" onto public org.springframework.http.ResponseEntity<java.lang.Object> com.starkinc.stopic.controller.TopicController.findByTopicName(java.lang.String,java.lang.String)
2017-01-04 21:55:01.298  INFO 2340 --- [main] s.w.s.m.m.a.RequestMappingHandlerMapping : Mapped "{[/topics],methods=[POST],consumes=[application/json],produces=[application/json]}" onto public org.springframework.http.ResponseEntity<java.lang.Object> com.starkinc.stopic.controller.TopicController.saveOrUpdate(com.starkinc.stopic.entity.Topic)
2017-01-04 21:55:01.298  INFO 2340 --- [main] s.w.s.m.m.a.RequestMappingHandlerMapping : Mapped "{[/topics],methods=[GET],consumes=[application/json],produces=[application/json]}" onto public org.springframework.http.ResponseEntity<java.lang.Object> com.starkinc.stopic.controller.TopicController.findAll()
2017-01-04 21:55:01.302  INFO 2340 --- [main] s.w.s.m.m.a.RequestMappingHandlerMapping : Mapped "{[/users/search],methods=[GET],consumes=[application/json],produces=[application/json]}" onto public org.springframework.http.ResponseEntity<java.lang.Object> com.starkinc.stopic.controller.UserController.findUserByName(java.lang.String)
2017-01-04 21:55:01.302  INFO 2340 --- [main] s.w.s.m.m.a.RequestMappingHandlerMapping : Mapped "{[/users/{id}],methods=[DELETE],consumes=[application/json],produces=[application/json]}" onto public org.springframework.http.ResponseEntity<java.lang.Object> com.starkinc.stopic.controller.UserController.deleteUser(java.lang.String)
2017-01-04 21:55:01.303  INFO 2340 --- [main] s.w.s.m.m.a.RequestMappingHandlerMapping : Mapped "{[/users],methods=[POST],consumes=[application/json],produces=[application/json]}" onto public org.springframework.http.ResponseEntity<java.lang.Object> com.starkinc.stopic.controller.UserController.saveOrUpdateUser(com.starkinc.stopic.entity.User)
2017-01-04 21:55:01.304  INFO 2340 --- [main] s.w.s.m.m.a.RequestMappingHandlerMapping : Mapped "{[/users/{id}],methods=[GET],consumes=[application/json],produces=[application/json]}" onto public org.springframework.http.ResponseEntity<java.lang.Object> com.starkinc.stopic.controller.UserController.findUserById(java.lang.String)
2017-01-04 21:55:01.307  INFO 2340 --- [main] s.w.s.m.m.a.RequestMappingHandlerMapping : Mapped "{[/error]}" onto public org.springframework.http.ResponseEntity<java.util.Map<java.lang.String, java.lang.Object>> org.springframework.boot.autoconfigure.web.BasicErrorController.error(javax.servlet.http.HttpServletRequest)
2017-01-04 21:55:01.308  INFO 2340 --- [main] s.w.s.m.m.a.RequestMappingHandlerMapping : Mapped "{[/error],produces=[text/html]}" onto public org.springframework.web.servlet.ModelAndView org.springframework.boot.autoconfigure.web.BasicErrorController.errorHtml(javax.servlet.http.HttpServletRequest,javax.servlet.http.HttpServletResponse)
2017-01-04 21:55:01.374  INFO 2340 --- [main] o.s.w.s.handler.SimpleUrlHandlerMapping  : Mapped URL path [/webjars/**] onto handler of type [class org.springframework.web.servlet.resource.ResourceHttpRequestHandler]
2017-01-04 21:55:01.374  INFO 2340 --- [main] o.s.w.s.handler.SimpleUrlHandlerMapping  : Mapped URL path [/**] onto handler of type [class org.springframework.web.servlet.resource.ResourceHttpRequestHandler]
2017-01-04 21:55:01.488  INFO 2340 --- [main] o.s.w.s.handler.SimpleUrlHandlerMapping  : Mapped URL path [/**/favicon.ico] onto handler of type [class org.springframework.web.servlet.resource.ResourceHttpRequestHandler]
2017-01-04 21:55:01.796  INFO 2340 --- [main] o.s.j.e.a.AnnotationMBeanExporter        : Registering beans for JMX exposure on startup
2017-01-04 21:55:01.904  INFO 2340 --- [main] s.b.c.e.t.TomcatEmbeddedServletContainer : Tomcat started on port(s): 8080 (http)
2017-01-04 21:55:01.913  INFO 2340 --- [main] c.s.stopic.TopicServiceApplication       : Started TopicServiceApplication in 8.495 seconds (JVM running for 9.22)
2017-01-04 22:04:47.496  INFO 2340 --- [RMI TCP Connection(16)-192.168.56.1] inMXBeanRegistrar$SpringApplicationAdmin : Application shutdown requested.
2017-01-04 22:04:47.549  INFO 2340 --- [RMI TCP Connection(16)-192.168.56.1] ationConfigEmbeddedWebApplicationContext : Closing org.springframework.boot.context.embedded.AnnotationConfigEmbeddedWebApplicationContext@3d285d7e: startup date [Wed Jan 04 21:54:54 IST 2017]; root of context hierarchy
2017-01-04 22:04:47.555  INFO 2340 --- [RMI TCP Connection(16)-192.168.56.1] o.s.j.e.a.AnnotationMBeanExporter        : Unregistering JMX-exposed beans on shutdown
2017-01-04 22:04:54.447  INFO 11036 --- [main] c.s.stopic.TopicServiceApplication       : Starting TopicServiceApplication on Dell-Inspiron with PID 11036 (D:\Git\rajasushanth\topic-service\target\classes started by Dell in D:\Git\rajasushanth\topic-service)
2017-01-04 22:04:54.452  INFO 11036 --- [main] c.s.stopic.TopicServiceApplication       : No active profile set, falling back to default profiles: default
2017-01-04 22:04:54.647  INFO 11036 --- [main] ationConfigEmbeddedWebApplicationContext : Refreshing org.springframework.boot.context.embedded.AnnotationConfigEmbeddedWebApplicationContext@3d285d7e: startup date [Wed Jan 04 22:04:54 IST 2017]; root of context hierarchy
2017-01-04 22:04:57.695  INFO 11036 --- [main] s.b.c.e.t.TomcatEmbeddedServletContainer : Tomcat initialized with port(s): 8080 (http)
2017-01-04 22:04:57.709  INFO 11036 --- [main] o.apache.catalina.core.StandardService   : Starting service Tomcat
2017-01-04 22:04:57.710  INFO 11036 --- [main] org.apache.catalina.core.StandardEngine  : Starting Servlet Engine: Apache Tomcat/8.5.6
2017-01-04 22:04:57.914  INFO 11036 --- [localhost-startStop-1] o.a.c.c.C.[Tomcat].[localhost].[/]       : Initializing Spring embedded WebApplicationContext
2017-01-04 22:04:57.915  INFO 11036 --- [localhost-startStop-1] o.s.web.context.ContextLoader            : Root WebApplicationContext: initialization completed in 3273 ms
2017-01-04 22:04:58.292  INFO 11036 --- [localhost-startStop-1] o.s.b.w.servlet.ServletRegistrationBean  : Mapping servlet: 'dispatcherServlet' to [/]
2017-01-04 22:04:58.298  INFO 11036 --- [localhost-startStop-1] o.s.b.w.servlet.FilterRegistrationBean   : Mapping filter: 'characterEncodingFilter' to: [/*]
2017-01-04 22:04:58.299  INFO 11036 --- [localhost-startStop-1] o.s.b.w.servlet.FilterRegistrationBean   : Mapping filter: 'hiddenHttpMethodFilter' to: [/*]
2017-01-04 22:04:58.299  INFO 11036 --- [localhost-startStop-1] o.s.b.w.servlet.FilterRegistrationBean   : Mapping filter: 'httpPutFormContentFilter' to: [/*]
2017-01-04 22:04:58.299  INFO 11036 --- [localhost-startStop-1] o.s.b.w.servlet.FilterRegistrationBean   : Mapping filter: 'requestContextFilter' to: [/*]
2017-01-04 22:04:58.902  INFO 11036 --- [main] org.mongodb.driver.cluster               : Cluster created with settings {hosts=[localhost:27017], mode=MULTIPLE, requiredClusterType=UNKNOWN, serverSelectionTimeout='30000 ms', maxWaitQueueSize=500}
2017-01-04 22:04:58.903  INFO 11036 --- [main] org.mongodb.driver.cluster               : Adding discovered server localhost:27017 to client view of cluster
2017-01-04 22:04:59.893  INFO 11036 --- [cluster-ClusterId{value='586d2432303bf92b1c606d4d', description='null'}-localhost:27017] org.mongodb.driver.connection            : Opened connection [connectionId{localValue:1, serverValue:2}] to localhost:27017
2017-01-04 22:04:59.897  INFO 11036 --- [cluster-ClusterId{value='586d2432303bf92b1c606d4d', description='null'}-localhost:27017] org.mongodb.driver.cluster               : Monitor thread successfully connected to server with description ServerDescription{address=localhost:27017, type=STANDALONE, state=CONNECTED, ok=true, version=ServerVersion{versionList=[3, 2, 10]}, minWireVersion=0, maxWireVersion=4, maxDocumentSize=16777216, roundTripTimeNanos=838357}
2017-01-04 22:04:59.898  INFO 11036 --- [cluster-ClusterId{value='586d2432303bf92b1c606d4d', description='null'}-localhost:27017] org.mongodb.driver.cluster               : Discovered cluster type of STANDALONE
2017-01-04 22:05:00.546  INFO 11036 --- [main] s.w.s.m.m.a.RequestMappingHandlerAdapter : Looking for @ControllerAdvice: org.springframework.boot.context.embedded.AnnotationConfigEmbeddedWebApplicationContext@3d285d7e: startup date [Wed Jan 04 22:04:54 IST 2017]; root of context hierarchy
2017-01-04 22:05:00.667  INFO 11036 --- [main] s.w.s.m.m.a.RequestMappingHandlerMapping : Mapped "{[/conversations],methods=[PUT],consumes=[application/json],produces=[application/json]}" onto public org.springframework.http.ResponseEntity<java.lang.Object> com.starkinc.stopic.controller.CoversationController.update(com.starkinc.stopic.entity.Conversation)
2017-01-04 22:05:00.679  INFO 11036 --- [main] s.w.s.m.m.a.RequestMappingHandlerMapping : Mapped "{[/conversations/{id}],methods=[DELETE],consumes=[application/json],produces=[application/json]}" onto public org.springframework.http.ResponseEntity<java.lang.Object> com.starkinc.stopic.controller.CoversationController.delete(java.lang.String)
2017-01-04 22:05:00.682  INFO 11036 --- [main] s.w.s.m.m.a.RequestMappingHandlerMapping : Mapped "{[/conversations],methods=[POST],consumes=[application/json],produces=[application/json]}" onto public org.springframework.http.ResponseEntity<java.lang.Object> com.starkinc.stopic.controller.CoversationController.save(java.util.Map<java.lang.String, java.lang.String>)
2017-01-04 22:05:00.683  INFO 11036 --- [main] s.w.s.m.m.a.RequestMappingHandlerMapping : Mapped "{[/conversations/{id}],methods=[GET],consumes=[application/json],produces=[application/json]}" onto public org.springframework.http.ResponseEntity<java.lang.Object> com.starkinc.stopic.controller.CoversationController.findByRefId(java.lang.String)
2017-01-04 22:05:00.686  INFO 11036 --- [main] s.w.s.m.m.a.RequestMappingHandlerMapping : Mapped "{[/topics/{id}],methods=[DELETE],consumes=[application/json],produces=[application/json]}" onto public org.springframework.http.ResponseEntity<java.lang.Object> com.starkinc.stopic.controller.TopicController.delete(java.lang.String)
2017-01-04 22:05:00.687  INFO 11036 --- [main] s.w.s.m.m.a.RequestMappingHandlerMapping : Mapped "{[/topics/search],methods=[GET],consumes=[application/json],produces=[application/json]}" onto public org.springframework.http.ResponseEntity<java.lang.Object> com.starkinc.stopic.controller.TopicController.findByTopicName(java.lang.String,java.lang.String)
2017-01-04 22:05:00.687  INFO 11036 --- [main] s.w.s.m.m.a.RequestMappingHandlerMapping : Mapped "{[/topics],methods=[GET],consumes=[application/json],produces=[application/json]}" onto public org.springframework.http.ResponseEntity<java.lang.Object> com.starkinc.stopic.controller.TopicController.findAll()
2017-01-04 22:05:00.687  INFO 11036 --- [main] s.w.s.m.m.a.RequestMappingHandlerMapping : Mapped "{[/topics],methods=[POST],consumes=[application/json],produces=[application/json]}" onto public org.springframework.http.ResponseEntity<java.lang.Object> com.starkinc.stopic.controller.TopicController.saveOrUpdate(com.starkinc.stopic.entity.Topic)
2017-01-04 22:05:00.688  INFO 11036 --- [main] s.w.s.m.m.a.RequestMappingHandlerMapping : Mapped "{[/topics/{id}],methods=[GET],consumes=[application/json],produces=[application/json]}" onto public org.springframework.http.ResponseEntity<java.lang.Object> com.starkinc.stopic.controller.TopicController.findById(java.lang.String)
2017-01-04 22:05:00.690  INFO 11036 --- [main] s.w.s.m.m.a.RequestMappingHandlerMapping : Mapped "{[/users],methods=[POST],consumes=[application/json],produces=[application/json]}" onto public org.springframework.http.ResponseEntity<java.lang.Object> com.starkinc.stopic.controller.UserController.saveOrUpdateUser(com.starkinc.stopic.entity.User)
2017-01-04 22:05:00.691  INFO 11036 --- [main] s.w.s.m.m.a.RequestMappingHandlerMapping : Mapped "{[/users/search],methods=[GET],consumes=[application/json],produces=[application/json]}" onto public org.springframework.http.ResponseEntity<java.lang.Object> com.starkinc.stopic.controller.UserController.findUserByName(java.lang.String)
2017-01-04 22:05:00.693  INFO 11036 --- [main] s.w.s.m.m.a.RequestMappingHandlerMapping : Mapped "{[/users/{id}],methods=[DELETE],consumes=[application/json],produces=[application/json]}" onto public org.springframework.http.ResponseEntity<java.lang.Object> com.starkinc.stopic.controller.UserController.deleteUser(java.lang.String)
2017-01-04 22:05:00.706  INFO 11036 --- [main] s.w.s.m.m.a.RequestMappingHandlerMapping : Mapped "{[/users/{id}],methods=[GET],consumes=[application/json],produces=[application/json]}" onto public org.springframework.http.ResponseEntity<java.lang.Object> com.starkinc.stopic.controller.UserController.findUserById(java.lang.String)
2017-01-04 22:05:00.712  INFO 11036 --- [main] s.w.s.m.m.a.RequestMappingHandlerMapping : Mapped "{[/error]}" onto public org.springframework.http.ResponseEntity<java.util.Map<java.lang.String, java.lang.Object>> org.springframework.boot.autoconfigure.web.BasicErrorController.error(javax.servlet.http.HttpServletRequest)
2017-01-04 22:05:00.712  INFO 11036 --- [main] s.w.s.m.m.a.RequestMappingHandlerMapping : Mapped "{[/error],produces=[text/html]}" onto public org.springframework.web.servlet.ModelAndView org.springframework.boot.autoconfigure.web.BasicErrorController.errorHtml(javax.servlet.http.HttpServletRequest,javax.servlet.http.HttpServletResponse)
2017-01-04 22:05:00.773  INFO 11036 --- [main] o.s.w.s.handler.SimpleUrlHandlerMapping  : Mapped URL path [/webjars/**] onto handler of type [class org.springframework.web.servlet.resource.ResourceHttpRequestHandler]
2017-01-04 22:05:00.774  INFO 11036 --- [main] o.s.w.s.handler.SimpleUrlHandlerMapping  : Mapped URL path [/**] onto handler of type [class org.springframework.web.servlet.resource.ResourceHttpRequestHandler]
2017-01-04 22:05:00.888  INFO 11036 --- [main] o.s.w.s.handler.SimpleUrlHandlerMapping  : Mapped URL path [/**/favicon.ico] onto handler of type [class org.springframework.web.servlet.resource.ResourceHttpRequestHandler]
2017-01-04 22:05:01.234  INFO 11036 --- [main] o.s.j.e.a.AnnotationMBeanExporter        : Registering beans for JMX exposure on startup
2017-01-04 22:05:01.333  INFO 11036 --- [main] s.b.c.e.t.TomcatEmbeddedServletContainer : Tomcat started on port(s): 8080 (http)
2017-01-04 22:05:01.344  INFO 11036 --- [main] c.s.stopic.TopicServiceApplication       : Started TopicServiceApplication in 7.571 seconds (JVM running for 8.289)
2017-01-04 22:05:38.146  INFO 11036 --- [http-nio-8080-exec-1] o.a.c.c.C.[Tomcat].[localhost].[/]       : Initializing Spring FrameworkServlet 'dispatcherServlet'
2017-01-04 22:05:38.146  INFO 11036 --- [http-nio-8080-exec-1] o.s.web.servlet.DispatcherServlet        : FrameworkServlet 'dispatcherServlet': initialization started
2017-01-04 22:05:38.266  INFO 11036 --- [http-nio-8080-exec-1] o.s.web.servlet.DispatcherServlet        : FrameworkServlet 'dispatcherServlet': initialization completed in 120 ms
2017-01-04 22:05:38.388  INFO 11036 --- [http-nio-8080-exec-1] c.s.stopic.controller.TopicController    : Enters::ResponseEntity com.starkinc.stopic.controller.TopicController.findByTopicName(String,String)
2017-01-04 22:05:38.408  INFO 11036 --- [http-nio-8080-exec-1] c.starkinc.stopic.daoImpl.TopicDAOImpl   : Enters::List com.starkinc.stopic.daoImpl.TopicDAOImpl.search(String,String)
2017-01-04 22:05:38.418  INFO 11036 --- [http-nio-8080-exec-1] c.s.s.r.TopicRepositoryImpl              : Enters::List com.starkinc.stopic.repositoryImpl.TopicRepositoryImpl.findByTopicNameOrUserName(String,String)
2017-01-04 22:05:38.610  INFO 11036 --- [http-nio-8080-exec-1] org.mongodb.driver.connection            : Opened connection [connectionId{localValue:2, serverValue:3}] to localhost:27017
2017-01-04 22:05:38.818  INFO 11036 --- [http-nio-8080-exec-1] c.s.s.r.TopicRepositoryImpl              : Exits::List com.starkinc.stopic.repositoryImpl.TopicRepositoryImpl.findByTopicNameOrUserName(String,String)
2017-01-04 22:05:38.819  INFO 11036 --- [http-nio-8080-exec-1] c.starkinc.stopic.daoImpl.TopicDAOImpl   : Exits::List com.starkinc.stopic.daoImpl.TopicDAOImpl.search(String,String)
2017-01-04 22:05:38.819  INFO 11036 --- [http-nio-8080-exec-1] c.s.stopic.controller.TopicController    : Exits::ResponseEntity com.starkinc.stopic.controller.TopicController.findByTopicName(String,String)
2017-01-04 22:14:27.621  INFO 11036 --- [http-nio-8080-exec-3] c.s.stopic.controller.TopicController    : Enters::ResponseEntity com.starkinc.stopic.controller.TopicController.findAll()
2017-01-04 22:14:27.623  INFO 11036 --- [http-nio-8080-exec-3] c.starkinc.stopic.daoImpl.TopicDAOImpl   : Enters::List com.starkinc.stopic.daoImpl.TopicDAOImpl.findAll()
2017-01-04 22:14:27.630  INFO 11036 --- [http-nio-8080-exec-3] c.starkinc.stopic.daoImpl.TopicDAOImpl   : Exits::List com.starkinc.stopic.daoImpl.TopicDAOImpl.findAll()
2017-01-04 22:14:27.630  INFO 11036 --- [http-nio-8080-exec-3] c.s.stopic.controller.TopicController    : Exits::ResponseEntity com.starkinc.stopic.controller.TopicController.findAll()
2017-01-04 22:15:05.365  INFO 11036 --- [RMI TCP Connection(17)-192.168.56.1] inMXBeanRegistrar$SpringApplicationAdmin : Application shutdown requested.
2017-01-04 22:15:05.366  INFO 11036 --- [RMI TCP Connection(17)-192.168.56.1] ationConfigEmbeddedWebApplicationContext : Closing org.springframework.boot.context.embedded.AnnotationConfigEmbeddedWebApplicationContext@3d285d7e: startup date [Wed Jan 04 22:04:54 IST 2017]; root of context hierarchy
2017-01-04 22:15:05.370  INFO 11036 --- [RMI TCP Connection(17)-192.168.56.1] o.s.j.e.a.AnnotationMBeanExporter        : Unregistering JMX-exposed beans on shutdown
2017-01-04 22:15:05.378  INFO 11036 --- [RMI TCP Connection(17)-192.168.56.1] org.mongodb.driver.connection            : Closed connection [connectionId{localValue:2, serverValue:3}] to localhost:27017 because the pool has been closed.
